<?xml version="1.0" encoding="UTF-8"?>
<!-- Generated by org.testng.reporters.JUnitReportReporter -->
<testsuite hostname="TYSS-Shiva-Kumar" failures="0" tests="1" name="Dummy.interview2" time="0.022" errors="0" timestamp="2023-09-14T11:40:04 IST" skipped="0">
  <testcase classname="Dummy.interview2" name="main" time="0.022"/>
  <system-out/>
</testsuite> <!-- Dummy.interview2 -->
