<?xml version="1.0" encoding="UTF-8"?>
<!-- Generated by org.testng.reporters.JUnitReportReporter -->
<testsuite hostname="TYSS-Shiva-Kumar" failures="0" tests="1" name="Dummy.Stringp" time="0.008" errors="0" timestamp="2023-09-21T18:09:15 IST" skipped="0">
  <testcase classname="Dummy.Stringp" name="reverse" time="0.008"/>
  <system-out/>
</testsuite> <!-- Dummy.Stringp -->
