<?xml version="1.0" encoding="UTF-8"?>
<!-- Generated by org.testng.reporters.JUnitReportReporter -->
<testsuite hostname="TYSS-Shiva-Kumar" failures="0" tests="1" name="Dummy.interview1" time="0.029" errors="0" timestamp="2023-09-13T11:02:19 IST" skipped="0">
  <testcase classname="Dummy.interview1" name="test" time="0.029"/>
  <system-out/>
</testsuite> <!-- Dummy.interview1 -->
