<?xml version="1.0" encoding="UTF-8"?>
<!-- Generated by org.testng.reporters.JUnitReportReporter -->
<testsuite hostname="TYSS-Shiva-Kumar" failures="0" tests="1" name="Dummy.Duumy" time="0.022" errors="0" timestamp="2023-08-30T11:03:26 IST" skipped="0">
  <testcase classname="Dummy.Duumy" name="main" time="0.022"/>
  <system-out/>
</testsuite> <!-- Dummy.Duumy -->
