<?xml version="1.0" encoding="UTF-8"?>
<!-- Generated by org.testng.reporters.JUnitReportReporter -->
<testsuite hostname="TYSS-Shiva-Kumar" failures="0" tests="1" name="Test_vag.Test1" time="0.014" errors="0" timestamp="2023-10-05T10:41:39 IST" skipped="0">
  <testcase classname="Test_vag.Test1" name="maxGSTamount" time="0.014"/>
  <system-out/>
</testsuite> <!-- Test_vag.Test1 -->
