<?xml version="1.0" encoding="UTF-8"?>
<!-- Generated by org.testng.reporters.JUnitReportReporter -->
<testsuite hostname="TYSS-Shiva-Kumar" failures="0" tests="1" name="Dummy.Firstandlast" time="0.021" errors="0" timestamp="2023-09-27T13:06:58 IST" skipped="0">
  <testcase classname="Dummy.Firstandlast" name="name" time="0.021"/>
  <system-out/>
</testsuite> <!-- Dummy.Firstandlast -->
