<?xml version="1.0" encoding="UTF-8"?>
<!-- Generated by org.testng.reporters.JUnitReportReporter -->
<testsuite hostname="TYSS-Shiva-Kumar" failures="0" tests="1" name="Test_vag.Test2" time="0.019" errors="0" timestamp="2023-10-05T10:41:16 IST" skipped="0">
  <testcase classname="Test_vag.Test2" name="totalAmount" time="0.019"/>
  <system-out/>
</testsuite> <!-- Test_vag.Test2 -->
